d:\qt_code\qt5.5+vs2013\qlsag\qlsag\debug\vc120.pdb
d:\qt_code\qt5.5+vs2013\qlsag\qlsag\debug\main.obj
d:\qt_code\qt5.5+vs2013\qlsag\qlsag\debug\leonwgt.obj
d:\qt_code\qt5.5+vs2013\qlsag\qlsag\debug\moc_leonwgt.obj
d:\qt_code\qt5.5+vs2013\qlsag\qlsag\debug\moc_fftw.obj
d:\qt_code\qt5.5+vs2013\qlsag\qlsag\debug\fftw.obj
d:\qt_code\qt5.5+vs2013\qlsag\qlsag\debug\qrc_leonwgt.obj
d:\qt_code\qt5.5+vs2013\qlsag\qlsag\generatedfiles\debug\moc_leonwgt.cpp
d:\qt_code\qt5.5+vs2013\qlsag\qlsag\generatedfiles\debug\moc_fftw.cpp
d:\qt_code\qt5.5+vs2013\qlsag\qlsag\generatedfiles\qrc_leonwgt.cpp
d:\qt_code\qt5.5+vs2013\qlsag\qlsag\generatedfiles\ui_fftw.h
d:\qt_code\qt5.5+vs2013\qlsag\qlsag\generatedfiles\ui_leonwgt.h
d:\qt_code\qt5.5+vs2013\qlsag\ftpmanager\win32\debug\qlsag.ilk
d:\qt_code\qt5.5+vs2013\qlsag\ftpmanager\win32\debug\qlsag.exe
d:\qt_code\qt5.5+vs2013\qlsag\ftpmanager\win32\debug\qlsag.pdb
d:\qt_code\qt5.5+vs2013\qlsag\qlsag\debug\qlsag.tlog\cl.command.1.tlog
d:\qt_code\qt5.5+vs2013\qlsag\qlsag\debug\qlsag.tlog\cl.read.1.tlog
d:\qt_code\qt5.5+vs2013\qlsag\qlsag\debug\qlsag.tlog\cl.write.1.tlog
d:\qt_code\qt5.5+vs2013\qlsag\qlsag\debug\qlsag.tlog\custombuild.command.1.tlog
d:\qt_code\qt5.5+vs2013\qlsag\qlsag\debug\qlsag.tlog\custombuild.read.1.tlog
d:\qt_code\qt5.5+vs2013\qlsag\qlsag\debug\qlsag.tlog\custombuild.write.1.tlog
d:\qt_code\qt5.5+vs2013\qlsag\qlsag\debug\qlsag.tlog\link.command.1.tlog
d:\qt_code\qt5.5+vs2013\qlsag\qlsag\debug\qlsag.tlog\link.read.1.tlog
d:\qt_code\qt5.5+vs2013\qlsag\qlsag\debug\qlsag.tlog\link.write.1.tlog
