生成启动时间为 2018/1/25 14:58:46。
     1>项目“D:\Qt_code\Qt5.5+VS2013\QLSAG\FtpManager\FtpManager\FtpManager.vcxproj”在节点 2 上(Rebuild 个目标)。
     1>CustomBuild:
         Moc'ing ftptool.h...
         Moc'ing ftpthread.h...
     1>C:\Program Files (x86)\MSBuild\Microsoft.Cpp\v4.0\V120\Microsoft.CppBuild.targets(935,5): warning MSB8027: Two or more files with the name of moc_ftpthread.cpp will produce outputs to the same location. This can lead to an incorrect build result.  The files involved are GeneratedFiles\Debug\moc_ftpthread.cpp, GeneratedFiles\Release\moc_ftpthread.cpp.
     1>C:\Program Files (x86)\MSBuild\Microsoft.Cpp\v4.0\V120\Microsoft.CppBuild.targets(935,5): warning MSB8027: Two or more files with the name of moc_ftptool.cpp will produce outputs to the same location. This can lead to an incorrect build result.  The files involved are GeneratedFiles\Debug\moc_ftptool.cpp, GeneratedFiles\Release\moc_ftptool.cpp.
       ClCompile:
         C:\Program Files (x86)\Microsoft Visual Studio 12.0\VC\bin\CL.exe /c /I.\GeneratedFiles /I. /IC:\Qt\Qt5.5.0_msvc2013\5.5\msvc2013\include /I.\GeneratedFiles\Debug /IC:\Qt\Qt5.5.0_msvc2013\5.5\msvc2013\include\QtCore /IC:\Qt\Qt5.5.0_msvc2013\5.5\msvc2013\include\QtGui /IC:\Qt\Qt5.5.0_msvc2013\5.5\msvc2013\include\QtNetwork /Zi /nologo /W1 /WX- /Od /Oy- /D UNICODE /D WIN32 /D WIN64 /D QT_DLL /D QT_CORE_LIB /D QT_GUI_LIB /D QT_NETWORK_LIB /D FTPMANAGER_LIB /D _WINDLL /Gm- /EHsc /MDd /GS /fp:precise /Zc:wchar_t /Zc:forScope /Fo"Debug\\" /Fd"Debug\vc120.pdb" /Gd /TP /analyze- /errorReport:prompt FtpDownloadFile.cpp ftpthread.cpp ftptool.cpp GeneratedFiles\Debug\moc_ftpthread.cpp GeneratedFiles\Debug\moc_ftptool.cpp
         FtpDownloadFile.cpp
         ftpthread.cpp
         ftptool.cpp
         moc_ftpthread.cpp
         moc_ftptool.cpp
         正在生成代码...
       Link:
         C:\Program Files (x86)\Microsoft Visual Studio 12.0\VC\bin\link.exe /ERRORREPORT:PROMPT /OUT:"D:\Qt_code\Qt5.5+VS2013\QLSAG\FtpManager\Win32\Debug\\FtpManager.dll" /NOLOGO /LIBPATH:C:\Qt\Qt5.5.0_msvc2013\5.5\msvc2013\lib qtmaind.lib Qt5Cored.lib Qt5Guid.lib Qt5Networkd.lib kernel32.lib user32.lib gdi32.lib winspool.lib comdlg32.lib advapi32.lib shell32.lib ole32.lib oleaut32.lib uuid.lib odbc32.lib odbccp32.lib /MANIFEST /MANIFESTUAC:"level='asInvoker' uiAccess='false'" /manifest:embed /DEBUG /PDB:"D:\Qt_code\Qt5.5+VS2013\QLSAG\FtpManager\Win32\Debug\FtpManager.pdb" /SUBSYSTEM:WINDOWS /TLBID:1 /DYNAMICBASE /NXCOMPAT /IMPLIB:"D:\Qt_code\Qt5.5+VS2013\QLSAG\FtpManager\Win32\Debug\FtpManager.lib" /MACHINE:X86 /SAFESEH /DLL Debug\FtpDownloadFile.obj
         Debug\ftpthread.obj
         Debug\ftptool.obj
         Debug\moc_ftpthread.obj
         Debug\moc_ftptool.obj
            正在创建库 D:\Qt_code\Qt5.5+VS2013\QLSAG\FtpManager\Win32\Debug\FtpManager.lib 和对象 D:\Qt_code\Qt5.5+VS2013\QLSAG\FtpManager\Win32\Debug\FtpManager.exp
         FtpManager.vcxproj -> D:\Qt_code\Qt5.5+VS2013\QLSAG\FtpManager\Win32\Debug\FtpManager.dll
     1>已完成生成项目“D:\Qt_code\Qt5.5+VS2013\QLSAG\FtpManager\FtpManager\FtpManager.vcxproj”(Rebuild 个目标)的操作。

生成成功。

已用时间 00:00:05.91
